<?xml version="1.0" encoding="UTF-8"?>
<robot generator="Robot 3.1.2 (Python 3.7.2 on win32)" generated="20200330 14:16:07.995" rpa="false">
<suite id="s1" name="FlipkartProject1" source="C:\Users\Mahesha\git\FK\FlipkartProject1">
<suite id="s1-s1" name="POC" source="C:\Users\Mahesha\git\FK\FlipkartProject1\POC">
<suite id="s1-s1-s1" name="FlipKartmSite" source="C:\Users\Mahesha\git\FK\FlipkartProject1\POC\FlipKartmSite.robot">
<test id="s1-s1-s1-t1" name="Login">
<kw name="Launch Device" library="mSite_Resources">
<kw name="Open Application" library="AppiumLibrary">
<doc>Opens a new application to given Appium server.
Capabilities of appium server, Android and iOS,
Please check https://github.com/appium/appium/blob/master/docs/en/writing-running-appium/server-args.md
| *Option*            | *Man.* | *Description*     |
| remote_url          | Yes    | Appium server url |
| alias               | no     | alias             |</doc>
<arguments>
<arg>${appiumHost}</arg>
<arg>${automationName}</arg>
<arg>platformName=${platformName}</arg>
<arg>deviceName=${deviceName}</arg>
<arg>udid=${udid}</arg>
<arg>platformVersion=${platformVersion}</arg>
<arg>appPackage=${appPackage}</arg>
<arg>appActivity=${appActivity}</arg>
<arg>webviewDevtoolsPort=${webviewDevtoolsPort}</arg>
<arg>noReset=true</arg>
</arguments>
<status status="PASS" starttime="20200330 14:16:08.298" endtime="20200330 14:16:15.652"></status>
</kw>
<kw name="Sleep" library="BuiltIn">
<doc>Pauses the test executed for the given time.</doc>
<arguments>
<arg>10</arg>
</arguments>
<msg timestamp="20200330 14:16:25.654" level="INFO">Slept 10 seconds</msg>
<status status="PASS" starttime="20200330 14:16:15.653" endtime="20200330 14:16:25.654"></status>
</kw>
<status status="PASS" starttime="20200330 14:16:08.297" endtime="20200330 14:16:25.655"></status>
</kw>
<kw name="Browse URL" library="mSite_Resources">
<kw name="Go To Url" library="AppiumLibrary">
<doc>Opens URL in default web browser.</doc>
<arguments>
<arg>${url}</arg>
</arguments>
<status status="PASS" starttime="20200330 14:16:25.656" endtime="20200330 14:16:26.087"></status>
</kw>
<kw name="Sleep" library="BuiltIn">
<doc>Pauses the test executed for the given time.</doc>
<arguments>
<arg>10</arg>
</arguments>
<msg timestamp="20200330 14:16:36.090" level="INFO">Slept 10 seconds</msg>
<status status="PASS" starttime="20200330 14:16:26.087" endtime="20200330 14:16:36.090"></status>
</kw>
<status status="PASS" starttime="20200330 14:16:25.655" endtime="20200330 14:16:36.091"></status>
</kw>
<kw name="Login" library="mSite_Resources">
<kw name="Click Text" library="AppiumLibrary">
<doc>Click text identified by ``text``.</doc>
<arguments>
<arg>text=Login</arg>
</arguments>
<status status="PASS" starttime="20200330 14:16:36.092" endtime="20200330 14:16:36.319"></status>
</kw>
<kw name="Sleep" library="BuiltIn">
<doc>Pauses the test executed for the given time.</doc>
<arguments>
<arg>5</arg>
</arguments>
<msg timestamp="20200330 14:16:41.321" level="INFO">Slept 5 seconds</msg>
<status status="PASS" starttime="20200330 14:16:36.320" endtime="20200330 14:16:41.322"></status>
</kw>
<kw name="Click Text" library="AppiumLibrary">
<doc>Click text identified by ``text``.</doc>
<arguments>
<arg>text=Use Email-ID</arg>
</arguments>
<status status="PASS" starttime="20200330 14:16:41.323" endtime="20200330 14:16:41.437"></status>
</kw>
<kw name="Sleep" library="BuiltIn">
<doc>Pauses the test executed for the given time.</doc>
<arguments>
<arg>10</arg>
</arguments>
<msg timestamp="20200330 14:16:51.438" level="INFO">Slept 10 seconds</msg>
<status status="PASS" starttime="20200330 14:16:41.437" endtime="20200330 14:16:51.439"></status>
</kw>
<kw name="Sleep" library="BuiltIn">
<doc>Pauses the test executed for the given time.</doc>
<arguments>
<arg>5</arg>
</arguments>
<msg timestamp="20200330 14:16:56.531" level="INFO">Slept 5 seconds</msg>
<status status="PASS" starttime="20200330 14:16:51.440" endtime="20200330 14:16:56.531"></status>
</kw>
<kw name="Click Text" library="AppiumLibrary">
<doc>Click text identified by ``text``.</doc>
<arguments>
<arg>text=Continue</arg>
</arguments>
<status status="PASS" starttime="20200330 14:16:56.531" endtime="20200330 14:16:56.629"></status>
</kw>
<kw name="Sleep" library="BuiltIn">
<doc>Pauses the test executed for the given time.</doc>
<arguments>
<arg>5</arg>
</arguments>
<msg timestamp="20200330 14:17:01.630" level="INFO">Slept 5 seconds</msg>
<status status="PASS" starttime="20200330 14:16:56.629" endtime="20200330 14:17:01.630"></status>
</kw>
<kw name="Click Text" library="AppiumLibrary">
<doc>Click text identified by ``text``.</doc>
<arguments>
<arg>text=Continue</arg>
</arguments>
<status status="PASS" starttime="20200330 14:17:01.631" endtime="20200330 14:17:01.742"></status>
</kw>
<kw name="Sleep" library="BuiltIn">
<doc>Pauses the test executed for the given time.</doc>
<arguments>
<arg>8</arg>
</arguments>
<msg timestamp="20200330 14:17:09.744" level="INFO">Slept 8 seconds</msg>
<status status="PASS" starttime="20200330 14:17:01.743" endtime="20200330 14:17:09.745"></status>
</kw>
<status status="PASS" starttime="20200330 14:16:36.091" endtime="20200330 14:17:09.746"></status>
</kw>
<status status="PASS" starttime="20200330 14:16:08.297" endtime="20200330 14:17:09.747" critical="yes"></status>
</test>
<test id="s1-s1-s1-t2" name="Open Menu">
<kw name="Menu" library="mSite_Resources">
<kw name="Click Text" library="AppiumLibrary">
<doc>Click text identified by ``text``.</doc>
<arguments>
<arg>text=menu</arg>
</arguments>
<status status="PASS" starttime="20200330 14:17:09.753" endtime="20200330 14:17:09.967"></status>
</kw>
<kw name="Sleep" library="BuiltIn">
<doc>Pauses the test executed for the given time.</doc>
<arguments>
<arg>5</arg>
</arguments>
<msg timestamp="20200330 14:17:14.969" level="INFO">Slept 5 seconds</msg>
<status status="PASS" starttime="20200330 14:17:09.967" endtime="20200330 14:17:14.970"></status>
</kw>
<status status="PASS" starttime="20200330 14:17:09.751" endtime="20200330 14:17:14.971"></status>
</kw>
<status status="PASS" starttime="20200330 14:17:09.749" endtime="20200330 14:17:14.972" critical="yes"></status>
</test>
<test id="s1-s1-s1-t3" name="Navigate to Life Insurance landing Screen">
<kw name="Life Insurance" library="mSite_Resources">
<kw name="Click Text" library="AppiumLibrary">
<doc>Click text identified by ``text``.</doc>
<arguments>
<arg>text=Insurance</arg>
</arguments>
<status status="PASS" starttime="20200330 14:17:14.978" endtime="20200330 14:17:15.259"></status>
</kw>
<kw name="Sleep" library="BuiltIn">
<doc>Pauses the test executed for the given time.</doc>
<arguments>
<arg>5</arg>
</arguments>
<msg timestamp="20200330 14:17:20.261" level="INFO">Slept 5 seconds</msg>
<status status="PASS" starttime="20200330 14:17:15.259" endtime="20200330 14:17:20.262"></status>
</kw>
<status status="PASS" starttime="20200330 14:17:14.976" endtime="20200330 14:17:20.263"></status>
</kw>
<status status="PASS" starttime="20200330 14:17:14.974" endtime="20200330 14:17:20.264" critical="yes"></status>
</test>
<test id="s1-s1-s1-t4" name="Select Insurance Plan">
<kw name="Select Insurance Plan" library="mSite_Resources">
<kw name="Click Text" library="AppiumLibrary">
<doc>Click text identified by ``text``.</doc>
<arguments>
<arg>text=1 Lakh Life Insurance Cover</arg>
</arguments>
<status status="PASS" starttime="20200330 14:17:20.270" endtime="20200330 14:17:20.374"></status>
</kw>
<kw name="Sleep" library="BuiltIn">
<doc>Pauses the test executed for the given time.</doc>
<arguments>
<arg>5</arg>
</arguments>
<msg timestamp="20200330 14:17:25.375" level="INFO">Slept 5 seconds</msg>
<status status="PASS" starttime="20200330 14:17:20.374" endtime="20200330 14:17:25.376"></status>
</kw>
<kw name="Click Text" library="AppiumLibrary">
<doc>Click text identified by ``text``.</doc>
<arguments>
<arg>text=Continue</arg>
</arguments>
<status status="PASS" starttime="20200330 14:17:25.377" endtime="20200330 14:17:25.498"></status>
</kw>
<kw name="Sleep" library="BuiltIn">
<doc>Pauses the test executed for the given time.</doc>
<arguments>
<arg>5</arg>
</arguments>
<msg timestamp="20200330 14:17:30.499" level="INFO">Slept 5 seconds</msg>
<status status="PASS" starttime="20200330 14:17:25.498" endtime="20200330 14:17:30.501"></status>
</kw>
<status status="PASS" starttime="20200330 14:17:20.267" endtime="20200330 14:17:30.502"></status>
</kw>
<status status="PASS" starttime="20200330 14:17:20.266" endtime="20200330 14:17:30.503" critical="yes"></status>
</test>
<test id="s1-s1-s1-t5" name="Declaration and T&amp;C">
<kw name="Declaration" library="mSite_Resources">
<kw name="Click Text" library="AppiumLibrary">
<doc>Click text identified by ``text``.</doc>
<arguments>
<arg>text=High Cholesterol, High Blood Pressure</arg>
</arguments>
<status status="PASS" starttime="20200330 14:17:30.508" endtime="20200330 14:17:30.659"></status>
</kw>
<kw name="Click Text" library="AppiumLibrary">
<doc>Click text identified by ``text``.</doc>
<arguments>
<arg>text=Cancer</arg>
</arguments>
<status status="PASS" starttime="20200330 14:17:30.659" endtime="20200330 14:17:31.309"></status>
</kw>
<kw name="Click Text" library="AppiumLibrary">
<doc>Click text identified by ``text``.</doc>
<arguments>
<arg>text=Stroke or any other heart diseases</arg>
</arguments>
<status status="PASS" starttime="20200330 14:17:31.309" endtime="20200330 14:17:31.922"></status>
</kw>
<kw name="Click Text" library="AppiumLibrary">
<doc>Click text identified by ``text``.</doc>
<arguments>
<arg>text=Diabetes</arg>
</arguments>
<status status="PASS" starttime="20200330 14:17:31.923" endtime="20200330 14:17:32.576"></status>
</kw>
<kw name="Sleep" library="BuiltIn">
<doc>Pauses the test executed for the given time.</doc>
<arguments>
<arg>5</arg>
</arguments>
<msg timestamp="20200330 14:17:37.580" level="INFO">Slept 5 seconds</msg>
<status status="PASS" starttime="20200330 14:17:32.577" endtime="20200330 14:17:37.581"></status>
</kw>
<kw name="Click Text" library="AppiumLibrary">
<doc>Click text identified by ``text``.</doc>
<arguments>
<arg>text=Any of the other diseases mentioned</arg>
</arguments>
<status status="PASS" starttime="20200330 14:17:37.582" endtime="20200330 14:17:37.706"></status>
</kw>
<kw name="Sleep" library="BuiltIn">
<doc>Pauses the test executed for the given time.</doc>
<arguments>
<arg>5</arg>
</arguments>
<msg timestamp="20200330 14:17:42.707" level="INFO">Slept 5 seconds</msg>
<status status="PASS" starttime="20200330 14:17:37.706" endtime="20200330 14:17:42.707"></status>
</kw>
<kw name="Click Text" library="AppiumLibrary">
<doc>Click text identified by ``text``.</doc>
<arguments>
<arg>text=closeBlack-c9684eaa</arg>
</arguments>
<status status="PASS" starttime="20200330 14:17:42.707" endtime="20200330 14:17:42.865"></status>
</kw>
<kw name="Sleep" library="BuiltIn">
<doc>Pauses the test executed for the given time.</doc>
<arguments>
<arg>5</arg>
</arguments>
<msg timestamp="20200330 14:17:47.866" level="INFO">Slept 5 seconds</msg>
<status status="PASS" starttime="20200330 14:17:42.865" endtime="20200330 14:17:47.866"></status>
</kw>
<kw name="Click Text" library="AppiumLibrary">
<doc>Click text identified by ``text``.</doc>
<arguments>
<arg>text=the other diseases mentioned</arg>
</arguments>
<status status="PASS" starttime="20200330 14:17:47.867" endtime="20200330 14:17:47.972"></status>
</kw>
<kw name="Sleep" library="BuiltIn">
<doc>Pauses the test executed for the given time.</doc>
<arguments>
<arg>5</arg>
</arguments>
<msg timestamp="20200330 14:17:52.975" level="INFO">Slept 5 seconds</msg>
<status status="PASS" starttime="20200330 14:17:47.972" endtime="20200330 14:17:52.975"></status>
</kw>
<kw name="Click Text" library="AppiumLibrary">
<doc>Click text identified by ``text``.</doc>
<arguments>
<arg>text=closeBlack-c9684eaa</arg>
</arguments>
<status status="PASS" starttime="20200330 14:17:52.975" endtime="20200330 14:17:53.161"></status>
</kw>
<kw name="Sleep" library="BuiltIn">
<doc>Pauses the test executed for the given time.</doc>
<arguments>
<arg>5</arg>
</arguments>
<msg timestamp="20200330 14:17:58.163" level="INFO">Slept 5 seconds</msg>
<status status="PASS" starttime="20200330 14:17:53.161" endtime="20200330 14:17:58.164"></status>
</kw>
<status status="PASS" starttime="20200330 14:17:30.506" endtime="20200330 14:17:58.165"></status>
</kw>
<status status="PASS" starttime="20200330 14:17:30.505" endtime="20200330 14:17:58.166" critical="yes"></status>
</test>
<test id="s1-s1-s1-t6" name="Navigate to enter details">
<kw name="Navigate to Enter Policy holder details" library="mSite_Resources">
<kw name="Click Text" library="AppiumLibrary">
<doc>Click text identified by ``text``.</doc>
<arguments>
<arg>text=Confirm</arg>
</arguments>
<status status="PASS" starttime="20200330 14:17:58.170" endtime="20200330 14:17:58.936"></status>
</kw>
<kw name="Sleep" library="BuiltIn">
<doc>Pauses the test executed for the given time.</doc>
<arguments>
<arg>10</arg>
</arguments>
<msg timestamp="20200330 14:18:08.937" level="INFO">Slept 10 seconds</msg>
<status status="PASS" starttime="20200330 14:17:58.936" endtime="20200330 14:18:08.938"></status>
</kw>
<status status="PASS" starttime="20200330 14:17:58.168" endtime="20200330 14:18:08.939"></status>
</kw>
<status status="PASS" starttime="20200330 14:17:58.167" endtime="20200330 14:18:08.940" critical="yes"></status>
</test>
<test id="s1-s1-s1-t7" name="View selected Policy details">
<kw name="View Policy Deatils" library="mSite_Resources">
<kw name="Click Text" library="AppiumLibrary">
<doc>Click text identified by ``text``.</doc>
<arguments>
<arg>text=Know More</arg>
</arguments>
<status status="PASS" starttime="20200330 14:18:08.946" endtime="20200330 14:18:09.076"></status>
</kw>
<kw name="Sleep" library="BuiltIn">
<doc>Pauses the test executed for the given time.</doc>
<arguments>
<arg>10</arg>
</arguments>
<msg timestamp="20200330 14:18:19.076" level="INFO">Slept 10 seconds</msg>
<status status="PASS" starttime="20200330 14:18:09.076" endtime="20200330 14:18:19.077"></status>
</kw>
<status status="PASS" starttime="20200330 14:18:08.944" endtime="20200330 14:18:19.078"></status>
</kw>
<status status="PASS" starttime="20200330 14:18:08.942" endtime="20200330 14:18:19.079" critical="yes"></status>
</test>
<test id="s1-s1-s1-t8" name="Hide Policy Deatils">
<kw name="Hide Policy Details" library="mSite_Resources">
<kw name="Click Text" library="AppiumLibrary">
<doc>Click text identified by ``text``.</doc>
<arguments>
<arg>text=Enter Policy Holder Details</arg>
</arguments>
<status status="PASS" starttime="20200330 14:18:19.085" endtime="20200330 14:18:19.226"></status>
</kw>
<kw name="Sleep" library="BuiltIn">
<doc>Pauses the test executed for the given time.</doc>
<arguments>
<arg>10</arg>
</arguments>
<msg timestamp="20200330 14:18:29.227" level="INFO">Slept 10 seconds</msg>
<status status="PASS" starttime="20200330 14:18:19.226" endtime="20200330 14:18:29.228"></status>
</kw>
<status status="PASS" starttime="20200330 14:18:19.083" endtime="20200330 14:18:29.229"></status>
</kw>
<status status="PASS" starttime="20200330 14:18:19.081" endtime="20200330 14:18:29.230" critical="yes"></status>
</test>
<test id="s1-s1-s1-t9" name="Navigate back to Life Insurance landing Screen">
<kw name="Back" library="mSite_Resources">
<kw name="Click Text" library="AppiumLibrary">
<doc>Click text identified by ``text``.</doc>
<arguments>
<arg>text=back-e9e0ceba</arg>
</arguments>
<status status="PASS" starttime="20200330 14:18:29.236" endtime="20200330 14:18:29.359"></status>
</kw>
<kw name="Sleep" library="BuiltIn">
<doc>Pauses the test executed for the given time.</doc>
<arguments>
<arg>10</arg>
</arguments>
<msg timestamp="20200330 14:18:39.361" level="INFO">Slept 10 seconds</msg>
<status status="PASS" starttime="20200330 14:18:29.359" endtime="20200330 14:18:39.362"></status>
</kw>
<status status="PASS" starttime="20200330 14:18:29.234" endtime="20200330 14:18:39.363"></status>
</kw>
<status status="PASS" starttime="20200330 14:18:29.232" endtime="20200330 14:18:39.364" critical="yes"></status>
</test>
<test id="s1-s1-s1-t10" name="Navigate back to Home screen">
<kw name="Back to Home" library="mSite_Resources">
<kw name="Click Text" library="AppiumLibrary">
<doc>Click text identified by ``text``.</doc>
<arguments>
<arg>text=javascript:void(0)</arg>
</arguments>
<status status="PASS" starttime="20200330 14:18:39.370" endtime="20200330 14:18:39.464"></status>
</kw>
<kw name="Sleep" library="BuiltIn">
<doc>Pauses the test executed for the given time.</doc>
<arguments>
<arg>10</arg>
</arguments>
<msg timestamp="20200330 14:18:49.465" level="INFO">Slept 10 seconds</msg>
<status status="PASS" starttime="20200330 14:18:39.464" endtime="20200330 14:18:49.466"></status>
</kw>
<status status="PASS" starttime="20200330 14:18:39.368" endtime="20200330 14:18:49.467"></status>
</kw>
<status status="PASS" starttime="20200330 14:18:39.366" endtime="20200330 14:18:49.468" critical="yes"></status>
</test>
<test id="s1-s1-s1-t11" name="Navigate to My Orders">
<kw name="Menu" library="mSite_Resources">
<kw name="Click Text" library="AppiumLibrary">
<doc>Click text identified by ``text``.</doc>
<arguments>
<arg>text=menu</arg>
</arguments>
<status status="PASS" starttime="20200330 14:18:49.474" endtime="20200330 14:18:49.699"></status>
</kw>
<kw name="Sleep" library="BuiltIn">
<doc>Pauses the test executed for the given time.</doc>
<arguments>
<arg>5</arg>
</arguments>
<msg timestamp="20200330 14:18:54.701" level="INFO">Slept 5 seconds</msg>
<status status="PASS" starttime="20200330 14:18:49.699" endtime="20200330 14:18:54.701"></status>
</kw>
<status status="PASS" starttime="20200330 14:18:49.472" endtime="20200330 14:18:54.702"></status>
</kw>
<kw name="My Orders" library="mSite_Resources">
<kw name="Click Text" library="AppiumLibrary">
<doc>Click text identified by ``text``.</doc>
<arguments>
<arg>text=My Orders</arg>
</arguments>
<status status="PASS" starttime="20200330 14:18:54.704" endtime="20200330 14:18:54.947"></status>
</kw>
<kw name="Sleep" library="BuiltIn">
<doc>Pauses the test executed for the given time.</doc>
<arguments>
<arg>10</arg>
</arguments>
<msg timestamp="20200330 14:19:04.950" level="INFO">Slept 10 seconds</msg>
<status status="PASS" starttime="20200330 14:18:54.948" endtime="20200330 14:19:04.951"></status>
</kw>
<status status="PASS" starttime="20200330 14:18:54.703" endtime="20200330 14:19:04.952"></status>
</kw>
<status status="PASS" starttime="20200330 14:18:49.470" endtime="20200330 14:19:04.953" critical="yes"></status>
</test>
<test id="s1-s1-s1-t12" name="Navigate to My Insurance Policy">
<kw name="My Insurance Policy" library="mSite_Resources">
<kw name="Click Text" library="AppiumLibrary">
<doc>Click text identified by ``text``.</doc>
<arguments>
<arg>text=Insurance</arg>
</arguments>
<status status="PASS" starttime="20200330 14:19:04.959" endtime="20200330 14:19:05.129"></status>
</kw>
<kw name="Sleep" library="BuiltIn">
<doc>Pauses the test executed for the given time.</doc>
<arguments>
<arg>10</arg>
</arguments>
<msg timestamp="20200330 14:19:15.131" level="INFO">Slept 10 seconds</msg>
<status status="PASS" starttime="20200330 14:19:05.130" endtime="20200330 14:19:15.132"></status>
</kw>
<status status="PASS" starttime="20200330 14:19:04.957" endtime="20200330 14:19:15.133"></status>
</kw>
<status status="PASS" starttime="20200330 14:19:04.955" endtime="20200330 14:19:15.134" critical="yes"></status>
</test>
<test id="s1-s1-s1-t13" name="View Insurance order details">
<kw name="Insurance Order Deatils" library="mSite_Resources">
<kw name="Click Text" library="AppiumLibrary">
<doc>Click text identified by ``text``.</doc>
<arguments>
<arg>text=1 Lakh Life Insurance Cover</arg>
</arguments>
<status status="PASS" starttime="20200330 14:19:15.139" endtime="20200330 14:19:15.278"></status>
</kw>
<kw name="Sleep" library="BuiltIn">
<doc>Pauses the test executed for the given time.</doc>
<arguments>
<arg>10</arg>
</arguments>
<msg timestamp="20200330 14:19:25.280" level="INFO">Slept 10 seconds</msg>
<status status="PASS" starttime="20200330 14:19:15.278" endtime="20200330 14:19:25.281"></status>
</kw>
<status status="PASS" starttime="20200330 14:19:15.137" endtime="20200330 14:19:25.282"></status>
</kw>
<status status="PASS" starttime="20200330 14:19:15.135" endtime="20200330 14:19:25.283" critical="yes"></status>
</test>
<test id="s1-s1-s1-t14" name="Navigate back to My InsurancePolicy">
<kw name="Back" library="mSite_Resources">
<kw name="Click Text" library="AppiumLibrary">
<doc>Click text identified by ``text``.</doc>
<arguments>
<arg>text=back-e9e0ceba</arg>
</arguments>
<status status="PASS" starttime="20200330 14:19:25.289" endtime="20200330 14:19:25.422"></status>
</kw>
<kw name="Sleep" library="BuiltIn">
<doc>Pauses the test executed for the given time.</doc>
<arguments>
<arg>10</arg>
</arguments>
<msg timestamp="20200330 14:19:35.423" level="INFO">Slept 10 seconds</msg>
<status status="PASS" starttime="20200330 14:19:25.422" endtime="20200330 14:19:35.424"></status>
</kw>
<status status="PASS" starttime="20200330 14:19:25.287" endtime="20200330 14:19:35.425"></status>
</kw>
<status status="PASS" starttime="20200330 14:19:25.285" endtime="20200330 14:19:35.426" critical="yes"></status>
</test>
<test id="s1-s1-s1-t15" name="Navigate back to My Orders">
<kw name="Back to Home" library="mSite_Resources">
<kw name="Click Text" library="AppiumLibrary">
<doc>Click text identified by ``text``.</doc>
<arguments>
<arg>text=javascript:void(0)</arg>
</arguments>
<status status="PASS" starttime="20200330 14:19:35.432" endtime="20200330 14:19:35.552"></status>
</kw>
<kw name="Sleep" library="BuiltIn">
<doc>Pauses the test executed for the given time.</doc>
<arguments>
<arg>10</arg>
</arguments>
<msg timestamp="20200330 14:19:45.555" level="INFO">Slept 10 seconds</msg>
<status status="PASS" starttime="20200330 14:19:35.553" endtime="20200330 14:19:45.555"></status>
</kw>
<status status="PASS" starttime="20200330 14:19:35.430" endtime="20200330 14:19:45.556"></status>
</kw>
<status status="PASS" starttime="20200330 14:19:35.428" endtime="20200330 14:19:45.556" critical="yes"></status>
</test>
<test id="s1-s1-s1-t16" name="Navigate back to Home">
<kw name="Back" library="mSite_Resources">
<kw name="Click Text" library="AppiumLibrary">
<doc>Click text identified by ``text``.</doc>
<arguments>
<arg>text=back-e9e0ceba</arg>
</arguments>
<status status="PASS" starttime="20200330 14:19:45.559" endtime="20200330 14:19:45.700"></status>
</kw>
<kw name="Sleep" library="BuiltIn">
<doc>Pauses the test executed for the given time.</doc>
<arguments>
<arg>10</arg>
</arguments>
<msg timestamp="20200330 14:19:55.702" level="INFO">Slept 10 seconds</msg>
<status status="PASS" starttime="20200330 14:19:45.700" endtime="20200330 14:19:55.703"></status>
</kw>
<status status="PASS" starttime="20200330 14:19:45.558" endtime="20200330 14:19:55.704"></status>
</kw>
<status status="PASS" starttime="20200330 14:19:45.557" endtime="20200330 14:19:55.705" critical="yes"></status>
</test>
<test id="s1-s1-s1-t17" name="Navigate to My Accounts">
<kw name="Menu" library="mSite_Resources">
<kw name="Click Text" library="AppiumLibrary">
<doc>Click text identified by ``text``.</doc>
<arguments>
<arg>text=menu</arg>
</arguments>
<status status="PASS" starttime="20200330 14:19:55.710" endtime="20200330 14:19:55.900"></status>
</kw>
<kw name="Sleep" library="BuiltIn">
<doc>Pauses the test executed for the given time.</doc>
<arguments>
<arg>5</arg>
</arguments>
<msg timestamp="20200330 14:20:00.903" level="INFO">Slept 5 seconds</msg>
<status status="PASS" starttime="20200330 14:19:55.901" endtime="20200330 14:20:00.904"></status>
</kw>
<status status="PASS" starttime="20200330 14:19:55.708" endtime="20200330 14:20:00.904"></status>
</kw>
<kw name="My Account" library="mSite_Resources">
<kw name="Swipe By Percent" library="AppiumLibrary">
<doc>Swipe from one percent of the screen to another percent, for an optional duration.
Normal swipe fails to scale for different screen resolutions, this can be avoided using percent.</doc>
<arguments>
<arg>50</arg>
<arg>85</arg>
<arg>50</arg>
<arg>30</arg>
</arguments>
<status status="PASS" starttime="20200330 14:20:00.907" endtime="20200330 14:20:02.007"></status>
</kw>
<kw name="Sleep" library="BuiltIn">
<doc>Pauses the test executed for the given time.</doc>
<arguments>
<arg>10</arg>
</arguments>
<msg timestamp="20200330 14:20:12.010" level="INFO">Slept 10 seconds</msg>
<status status="PASS" starttime="20200330 14:20:02.008" endtime="20200330 14:20:12.011"></status>
</kw>
<kw name="Click Text" library="AppiumLibrary">
<doc>Click text identified by ``text``.</doc>
<arguments>
<arg>text=My Account</arg>
</arguments>
<status status="PASS" starttime="20200330 14:20:12.012" endtime="20200330 14:20:12.279"></status>
</kw>
<kw name="Sleep" library="BuiltIn">
<doc>Pauses the test executed for the given time.</doc>
<arguments>
<arg>10</arg>
</arguments>
<msg timestamp="20200330 14:20:22.279" level="INFO">Slept 10 seconds</msg>
<status status="PASS" starttime="20200330 14:20:12.279" endtime="20200330 14:20:22.280"></status>
</kw>
<status status="PASS" starttime="20200330 14:20:00.905" endtime="20200330 14:20:22.281"></status>
</kw>
<status status="PASS" starttime="20200330 14:19:55.706" endtime="20200330 14:20:22.282" critical="yes"></status>
</test>
<test id="s1-s1-s1-t18" name="Logout">
<kw name="Logout" library="mSite_Resources">
<kw name="Swipe By Percent" library="AppiumLibrary">
<doc>Swipe from one percent of the screen to another percent, for an optional duration.
Normal swipe fails to scale for different screen resolutions, this can be avoided using percent.</doc>
<arguments>
<arg>50</arg>
<arg>85</arg>
<arg>50</arg>
<arg>30</arg>
</arguments>
<status status="PASS" starttime="20200330 14:20:22.288" endtime="20200330 14:20:23.457"></status>
</kw>
<kw name="Sleep" library="BuiltIn">
<doc>Pauses the test executed for the given time.</doc>
<arguments>
<arg>10</arg>
</arguments>
<msg timestamp="20200330 14:20:33.459" level="INFO">Slept 10 seconds</msg>
<status status="PASS" starttime="20200330 14:20:23.457" endtime="20200330 14:20:33.460"></status>
</kw>
<kw name="Click Text" library="AppiumLibrary">
<doc>Click text identified by ``text``.</doc>
<arguments>
<arg>text=Logout of all devices</arg>
</arguments>
<status status="PASS" starttime="20200330 14:20:33.461" endtime="20200330 14:20:33.579"></status>
</kw>
<kw name="Sleep" library="BuiltIn">
<doc>Pauses the test executed for the given time.</doc>
<arguments>
<arg>10</arg>
</arguments>
<msg timestamp="20200330 14:20:43.581" level="INFO">Slept 10 seconds</msg>
<status status="PASS" starttime="20200330 14:20:33.580" endtime="20200330 14:20:43.581"></status>
</kw>
<kw name="Click Text" library="AppiumLibrary">
<doc>Click text identified by ``text``.</doc>
<arguments>
<arg>text=YES</arg>
</arguments>
<status status="PASS" starttime="20200330 14:20:43.582" endtime="20200330 14:20:43.702"></status>
</kw>
<kw name="Sleep" library="BuiltIn">
<doc>Pauses the test executed for the given time.</doc>
<arguments>
<arg>10</arg>
</arguments>
<msg timestamp="20200330 14:20:53.703" level="INFO">Slept 10 seconds</msg>
<status status="PASS" starttime="20200330 14:20:43.702" endtime="20200330 14:20:53.703"></status>
</kw>
<status status="PASS" starttime="20200330 14:20:22.286" endtime="20200330 14:20:53.704"></status>
</kw>
<kw name="Close All Application" library="mSite_Resources">
<kw name="Close All Applications" library="AppiumLibrary">
<doc>Closes all open applications.</doc>
<status status="PASS" starttime="20200330 14:20:53.705" endtime="20200330 14:20:54.278"></status>
</kw>
<status status="PASS" starttime="20200330 14:20:53.704" endtime="20200330 14:20:54.279"></status>
</kw>
<status status="PASS" starttime="20200330 14:20:22.284" endtime="20200330 14:20:54.279" critical="yes"></status>
</test>
<status status="PASS" starttime="20200330 14:16:08.057" endtime="20200330 14:20:54.282"></status>
</suite>
<status status="PASS" starttime="20200330 14:16:08.054" endtime="20200330 14:20:54.292"></status>
</suite>
<status status="PASS" starttime="20200330 14:16:08.032" endtime="20200330 14:20:54.301"></status>
</suite>
<statistics>
<total>
<stat pass="18" fail="0">Critical Tests</stat>
<stat pass="18" fail="0">All Tests</stat>
</total>
<tag>
</tag>
<suite>
<stat pass="18" fail="0" id="s1" name="FlipkartProject1">FlipkartProject1</stat>
<stat pass="18" fail="0" id="s1-s1" name="POC">FlipkartProject1.POC</stat>
<stat pass="18" fail="0" id="s1-s1-s1" name="FlipKartmSite">FlipkartProject1.POC.FlipKartmSite</stat>
</suite>
</statistics>
<errors>
<msg timestamp="20200330 14:16:07.989" level="WARN">Collapsing consecutive whitespace during parsing is deprecated. Fix ' #' in file 'C:\Users\Mahesha\git\FK\FlipkartProject1\POC\FlipKartmSite.robot' on line 36.</msg>
</errors>
</robot>
